<?xml version="1.0" encoding="UTF-8"?>
<!-- Generated by org.testng.reporters.JUnitXMLReporter -->
<testsuite ignored="0" hostname="Lenovo" failures="0" tests="5" name="Test" time="68.513" errors="0" timestamp="2022-11-16T14:29:19 IST">
  <testcase classname="tests.FourTest" name="testFour" time="10.516"/>
  <testcase classname="tests.TwoTest" name="testTwo" time="21.055"/>
  <testcase classname="tests.ThreeTest" name="testThree" time="4.033"/>
  <testcase classname="tests.LoginTest" name="login" time="14.311"/>
  <testcase classname="tests.LoginTest" name="login" time="14.15"/>
</testsuite> <!-- Test -->
